2024-06-24 11:34:02,083 [Worker-2: Loading available Gradle versions] INFO  o.e.b.c.i.u.g.PublishedGradleVersions - Gradle version information cache is up-to-date. Trying to read.
2024-06-24 11:34:19,052 [Worker-4: Importing Maven projects] INFO  o.e.m.c.i.l.LifecycleMappingFactory - Using org.eclipse.m2e.jdt.JarLifecycleMapping lifecycle mapping for MavenProject: com.example:website-testing:1.0-SNAPSHOT @ C:\Users\agnes\Downloads\map\agnes\website-testing\pom.xml.
2024-06-24 11:34:19,985 [Worker-4: Importing Maven projects] INFO  o.e.m.j.i.AbstractJavaProjectConfigurator - Adding source folder /website-testing/src/main/java
2024-06-24 11:34:19,987 [Worker-4: Importing Maven projects] INFO  o.e.m.j.i.AbstractJavaProjectConfigurator - Adding resource folder /website-testing/src/main/resources
2024-06-24 11:34:19,997 [Worker-4: Importing Maven projects] INFO  o.e.m.j.i.AbstractJavaProjectConfigurator - Adding source folder /website-testing/src/test/java
2024-06-24 11:34:19,998 [Worker-4: Importing Maven projects] INFO  o.e.m.j.i.AbstractJavaProjectConfigurator - Adding resource folder /website-testing/src/test/resources
2024-06-24 11:34:20,225 [Worker-4: Importing Maven projects] INFO  o.e.m.c.i.p.ProjectConfigurationManager - Imported and configured 1 project(s) in 2 sec
2024-06-24 11:34:34,563 [Worker-21: Building] INFO  o.a.m.s.f.DefaultMavenResourcesFiltering - skip non existing resourceDirectory C:\Users\agnes\Downloads\map\agnes\website-testing\src\main\resources
2024-06-24 11:34:34,570 [Worker-21: Building] INFO  o.a.m.s.f.DefaultMavenResourcesFiltering - Copying 4 resources from src\test\resources to target\test-classes
2024-06-24 11:37:39,604 [Worker-18: Launching Executing test in C__Users_agnes_Downloads_map_agnes_website-testing] INFO  o.eclipse.m2e.core.internal.Bundles - getClasspathEntries(Bundle=org.eclipse.m2e.maven.runtime_3.9.700.20240602-2313 [299])
2024-06-24 11:37:39,606 [Worker-18: Launching Executing test in C__Users_agnes_Downloads_map_agnes_website-testing] INFO  o.eclipse.m2e.core.internal.Bundles - 	Entry: C:\Users\agnes\.p2\pool\plugins\org.eclipse.m2e.maven.runtime_3.9.700.20240602-2313
2024-06-24 11:37:39,606 [Worker-18: Launching Executing test in C__Users_agnes_Downloads_map_agnes_website-testing] INFO  o.eclipse.m2e.core.internal.Bundles - 	Entry: C:\Users\agnes\.p2\pool\plugins\org.eclipse.m2e.maven.runtime_3.9.700.20240602-2313\jars\aopalliance-1.0.jar
2024-06-24 11:37:39,606 [Worker-18: Launching Executing test in C__Users_agnes_Downloads_map_agnes_website-testing] INFO  o.eclipse.m2e.core.internal.Bundles - 	Entry: C:\Users\agnes\.p2\pool\plugins\org.eclipse.m2e.maven.runtime_3.9.700.20240602-2313\jars\guice-5.1.0.jar
2024-06-24 11:37:39,606 [Worker-18: Launching Executing test in C__Users_agnes_Downloads_map_agnes_website-testing] INFO  o.eclipse.m2e.core.internal.Bundles - 	Entry: C:\Users\agnes\.p2\pool\plugins\org.eclipse.m2e.maven.runtime_3.9.700.20240602-2313\jars\httpclient-4.5.14.jar
2024-06-24 11:37:39,606 [Worker-18: Launching Executing test in C__Users_agnes_Downloads_map_agnes_website-testing] INFO  o.eclipse.m2e.core.internal.Bundles - 	Entry: C:\Users\agnes\.p2\pool\plugins\org.eclipse.m2e.maven.runtime_3.9.700.20240602-2313\jars\httpcore-4.4.16.jar
2024-06-24 11:37:39,606 [Worker-18: Launching Executing test in C__Users_agnes_Downloads_map_agnes_website-testing] INFO  o.eclipse.m2e.core.internal.Bundles - 	Entry: C:\Users\agnes\.p2\pool\plugins\org.eclipse.m2e.maven.runtime_3.9.700.20240602-2313\jars\jansi-2.4.1.jar
2024-06-24 11:37:39,607 [Worker-18: Launching Executing test in C__Users_agnes_Downloads_map_agnes_website-testing] INFO  o.eclipse.m2e.core.internal.Bundles - 	Entry: C:\Users\agnes\.p2\pool\plugins\org.eclipse.m2e.maven.runtime_3.9.700.20240602-2313\jars\jcl-over-slf4j-1.7.36.jar
2024-06-24 11:37:39,607 [Worker-18: Launching Executing test in C__Users_agnes_Downloads_map_agnes_website-testing] INFO  o.eclipse.m2e.core.internal.Bundles - 	Entry: C:\Users\agnes\.p2\pool\plugins\org.eclipse.m2e.maven.runtime_3.9.700.20240602-2313\jars\maven-artifact-3.9.7.jar
2024-06-24 11:37:39,607 [Worker-18: Launching Executing test in C__Users_agnes_Downloads_map_agnes_website-testing] INFO  o.eclipse.m2e.core.internal.Bundles - 	Entry: C:\Users\agnes\.p2\pool\plugins\org.eclipse.m2e.maven.runtime_3.9.700.20240602-2313\jars\maven-builder-support-3.9.7.jar
2024-06-24 11:37:39,607 [Worker-18: Launching Executing test in C__Users_agnes_Downloads_map_agnes_website-testing] INFO  o.eclipse.m2e.core.internal.Bundles - 	Entry: C:\Users\agnes\.p2\pool\plugins\org.eclipse.m2e.maven.runtime_3.9.700.20240602-2313\jars\maven-compat-3.9.7.jar
2024-06-24 11:37:39,607 [Worker-18: Launching Executing test in C__Users_agnes_Downloads_map_agnes_website-testing] INFO  o.eclipse.m2e.core.internal.Bundles - 	Entry: C:\Users\agnes\.p2\pool\plugins\org.eclipse.m2e.maven.runtime_3.9.700.20240602-2313\jars\maven-core-3.9.7.jar
2024-06-24 11:37:39,608 [Worker-18: Launching Executing test in C__Users_agnes_Downloads_map_agnes_website-testing] INFO  o.eclipse.m2e.core.internal.Bundles - 	Entry: C:\Users\agnes\.p2\pool\plugins\org.eclipse.m2e.maven.runtime_3.9.700.20240602-2313\jars\maven-embedder-3.9.7.jar
2024-06-24 11:37:39,608 [Worker-18: Launching Executing test in C__Users_agnes_Downloads_map_agnes_website-testing] INFO  o.eclipse.m2e.core.internal.Bundles - 	Entry: C:\Users\agnes\.p2\pool\plugins\org.eclipse.m2e.maven.runtime_3.9.700.20240602-2313\jars\maven-model-3.9.7.jar
2024-06-24 11:37:39,608 [Worker-18: Launching Executing test in C__Users_agnes_Downloads_map_agnes_website-testing] INFO  o.eclipse.m2e.core.internal.Bundles - 	Entry: C:\Users\agnes\.p2\pool\plugins\org.eclipse.m2e.maven.runtime_3.9.700.20240602-2313\jars\maven-model-builder-3.9.7.jar
2024-06-24 11:37:39,608 [Worker-18: Launching Executing test in C__Users_agnes_Downloads_map_agnes_website-testing] INFO  o.eclipse.m2e.core.internal.Bundles - 	Entry: C:\Users\agnes\.p2\pool\plugins\org.eclipse.m2e.maven.runtime_3.9.700.20240602-2313\jars\maven-plugin-api-3.9.7.jar
2024-06-24 11:37:39,609 [Worker-18: Launching Executing test in C__Users_agnes_Downloads_map_agnes_website-testing] INFO  o.eclipse.m2e.core.internal.Bundles - 	Entry: C:\Users\agnes\.p2\pool\plugins\org.eclipse.m2e.maven.runtime_3.9.700.20240602-2313\jars\maven-repository-metadata-3.9.7.jar
2024-06-24 11:37:39,609 [Worker-18: Launching Executing test in C__Users_agnes_Downloads_map_agnes_website-testing] INFO  o.eclipse.m2e.core.internal.Bundles - 	Entry: C:\Users\agnes\.p2\pool\plugins\org.eclipse.m2e.maven.runtime_3.9.700.20240602-2313\jars\maven-resolver-api-1.9.20.jar
2024-06-24 11:37:39,609 [Worker-18: Launching Executing test in C__Users_agnes_Downloads_map_agnes_website-testing] INFO  o.eclipse.m2e.core.internal.Bundles - 	Entry: C:\Users\agnes\.p2\pool\plugins\org.eclipse.m2e.maven.runtime_3.9.700.20240602-2313\jars\maven-resolver-connector-basic-1.9.20.jar
2024-06-24 11:37:39,609 [Worker-18: Launching Executing test in C__Users_agnes_Downloads_map_agnes_website-testing] INFO  o.eclipse.m2e.core.internal.Bundles - 	Entry: C:\Users\agnes\.p2\pool\plugins\org.eclipse.m2e.maven.runtime_3.9.700.20240602-2313\jars\maven-resolver-impl-1.9.20.jar
2024-06-24 11:37:39,609 [Worker-18: Launching Executing test in C__Users_agnes_Downloads_map_agnes_website-testing] INFO  o.eclipse.m2e.core.internal.Bundles - 	Entry: C:\Users\agnes\.p2\pool\plugins\org.eclipse.m2e.maven.runtime_3.9.700.20240602-2313\jars\maven-resolver-named-locks-1.9.20.jar
2024-06-24 11:37:39,610 [Worker-18: Launching Executing test in C__Users_agnes_Downloads_map_agnes_website-testing] INFO  o.eclipse.m2e.core.internal.Bundles - 	Entry: C:\Users\agnes\.p2\pool\plugins\org.eclipse.m2e.maven.runtime_3.9.700.20240602-2313\jars\maven-resolver-provider-3.9.7.jar
2024-06-24 11:37:39,610 [Worker-18: Launching Executing test in C__Users_agnes_Downloads_map_agnes_website-testing] INFO  o.eclipse.m2e.core.internal.Bundles - 	Entry: C:\Users\agnes\.p2\pool\plugins\org.eclipse.m2e.maven.runtime_3.9.700.20240602-2313\jars\maven-resolver-spi-1.9.20.jar
2024-06-24 11:37:39,610 [Worker-18: Launching Executing test in C__Users_agnes_Downloads_map_agnes_website-testing] INFO  o.eclipse.m2e.core.internal.Bundles - 	Entry: C:\Users\agnes\.p2\pool\plugins\org.eclipse.m2e.maven.runtime_3.9.700.20240602-2313\jars\maven-resolver-transport-file-1.9.20.jar
2024-06-24 11:37:39,610 [Worker-18: Launching Executing test in C__Users_agnes_Downloads_map_agnes_website-testing] INFO  o.eclipse.m2e.core.internal.Bundles - 	Entry: C:\Users\agnes\.p2\pool\plugins\org.eclipse.m2e.maven.runtime_3.9.700.20240602-2313\jars\maven-resolver-transport-http-1.9.20.jar
2024-06-24 11:37:39,611 [Worker-18: Launching Executing test in C__Users_agnes_Downloads_map_agnes_website-testing] INFO  o.eclipse.m2e.core.internal.Bundles - 	Entry: C:\Users\agnes\.p2\pool\plugins\org.eclipse.m2e.maven.runtime_3.9.700.20240602-2313\jars\maven-resolver-transport-wagon-1.9.20.jar
2024-06-24 11:37:39,611 [Worker-18: Launching Executing test in C__Users_agnes_Downloads_map_agnes_website-testing] INFO  o.eclipse.m2e.core.internal.Bundles - 	Entry: C:\Users\agnes\.p2\pool\plugins\org.eclipse.m2e.maven.runtime_3.9.700.20240602-2313\jars\maven-resolver-util-1.9.20.jar
2024-06-24 11:37:39,611 [Worker-18: Launching Executing test in C__Users_agnes_Downloads_map_agnes_website-testing] INFO  o.eclipse.m2e.core.internal.Bundles - 	Entry: C:\Users\agnes\.p2\pool\plugins\org.eclipse.m2e.maven.runtime_3.9.700.20240602-2313\jars\maven-settings-3.9.7.jar
2024-06-24 11:37:39,611 [Worker-18: Launching Executing test in C__Users_agnes_Downloads_map_agnes_website-testing] INFO  o.eclipse.m2e.core.internal.Bundles - 	Entry: C:\Users\agnes\.p2\pool\plugins\org.eclipse.m2e.maven.runtime_3.9.700.20240602-2313\jars\maven-settings-builder-3.9.7.jar
2024-06-24 11:37:39,612 [Worker-18: Launching Executing test in C__Users_agnes_Downloads_map_agnes_website-testing] INFO  o.eclipse.m2e.core.internal.Bundles - 	Entry: C:\Users\agnes\.p2\pool\plugins\org.eclipse.m2e.maven.runtime_3.9.700.20240602-2313\jars\maven-shared-utils-3.4.2.jar
2024-06-24 11:37:39,612 [Worker-18: Launching Executing test in C__Users_agnes_Downloads_map_agnes_website-testing] INFO  o.eclipse.m2e.core.internal.Bundles - 	Entry: C:\Users\agnes\.p2\pool\plugins\org.eclipse.m2e.maven.runtime_3.9.700.20240602-2313\jars\org.eclipse.sisu.inject-0.9.0.M2.jar
2024-06-24 11:37:39,612 [Worker-18: Launching Executing test in C__Users_agnes_Downloads_map_agnes_website-testing] INFO  o.eclipse.m2e.core.internal.Bundles - 	Entry: C:\Users\agnes\.p2\pool\plugins\org.eclipse.m2e.maven.runtime_3.9.700.20240602-2313\jars\org.eclipse.sisu.plexus-0.9.0.M2.jar
2024-06-24 11:37:39,612 [Worker-18: Launching Executing test in C__Users_agnes_Downloads_map_agnes_website-testing] INFO  o.eclipse.m2e.core.internal.Bundles - 	Entry: C:\Users\agnes\.p2\pool\plugins\org.eclipse.m2e.maven.runtime_3.9.700.20240602-2313\jars\plexus-build-api-0.0.7.jar
2024-06-24 11:37:39,612 [Worker-18: Launching Executing test in C__Users_agnes_Downloads_map_agnes_website-testing] INFO  o.eclipse.m2e.core.internal.Bundles - 	Entry: C:\Users\agnes\.p2\pool\plugins\org.eclipse.m2e.maven.runtime_3.9.700.20240602-2313\jars\plexus-build-api-1.2.0.jar
2024-06-24 11:37:39,613 [Worker-18: Launching Executing test in C__Users_agnes_Downloads_map_agnes_website-testing] INFO  o.eclipse.m2e.core.internal.Bundles - 	Entry: C:\Users\agnes\.p2\pool\plugins\org.eclipse.m2e.maven.runtime_3.9.700.20240602-2313\jars\plexus-cipher-2.0.jar
2024-06-24 11:37:39,613 [Worker-18: Launching Executing test in C__Users_agnes_Downloads_map_agnes_website-testing] INFO  o.eclipse.m2e.core.internal.Bundles - 	Entry: C:\Users\agnes\.p2\pool\plugins\org.eclipse.m2e.maven.runtime_3.9.700.20240602-2313\jars\plexus-classworlds-2.8.0.jar
2024-06-24 11:37:39,613 [Worker-18: Launching Executing test in C__Users_agnes_Downloads_map_agnes_website-testing] INFO  o.eclipse.m2e.core.internal.Bundles - 	Entry: C:\Users\agnes\.p2\pool\plugins\org.eclipse.m2e.maven.runtime_3.9.700.20240602-2313\jars\plexus-component-annotations-2.1.0.jar
2024-06-24 11:37:39,613 [Worker-18: Launching Executing test in C__Users_agnes_Downloads_map_agnes_website-testing] INFO  o.eclipse.m2e.core.internal.Bundles - 	Entry: C:\Users\agnes\.p2\pool\plugins\org.eclipse.m2e.maven.runtime_3.9.700.20240602-2313\jars\plexus-interpolation-1.27.jar
2024-06-24 11:37:39,613 [Worker-18: Launching Executing test in C__Users_agnes_Downloads_map_agnes_website-testing] INFO  o.eclipse.m2e.core.internal.Bundles - 	Entry: C:\Users\agnes\.p2\pool\plugins\org.eclipse.m2e.maven.runtime_3.9.700.20240602-2313\jars\plexus-sec-dispatcher-2.0.jar
2024-06-24 11:37:39,613 [Worker-18: Launching Executing test in C__Users_agnes_Downloads_map_agnes_website-testing] INFO  o.eclipse.m2e.core.internal.Bundles - 	Entry: C:\Users\agnes\.p2\pool\plugins\org.eclipse.m2e.maven.runtime_3.9.700.20240602-2313\jars\plexus-utils-3.5.1.jar
2024-06-24 11:37:39,614 [Worker-18: Launching Executing test in C__Users_agnes_Downloads_map_agnes_website-testing] INFO  o.eclipse.m2e.core.internal.Bundles - 	Entry: C:\Users\agnes\.p2\pool\plugins\org.eclipse.m2e.maven.runtime_3.9.700.20240602-2313\jars\wagon-file-3.5.3.jar
2024-06-24 11:37:39,614 [Worker-18: Launching Executing test in C__Users_agnes_Downloads_map_agnes_website-testing] INFO  o.eclipse.m2e.core.internal.Bundles - 	Entry: C:\Users\agnes\.p2\pool\plugins\org.eclipse.m2e.maven.runtime_3.9.700.20240602-2313\jars\wagon-http-3.5.3.jar
2024-06-24 11:37:39,614 [Worker-18: Launching Executing test in C__Users_agnes_Downloads_map_agnes_website-testing] INFO  o.eclipse.m2e.core.internal.Bundles - 	Entry: C:\Users\agnes\.p2\pool\plugins\org.eclipse.m2e.maven.runtime_3.9.700.20240602-2313\jars\wagon-http-shared-3.5.3.jar
2024-06-24 11:37:39,614 [Worker-18: Launching Executing test in C__Users_agnes_Downloads_map_agnes_website-testing] INFO  o.eclipse.m2e.core.internal.Bundles - 	Entry: C:\Users\agnes\.p2\pool\plugins\org.eclipse.m2e.maven.runtime_3.9.700.20240602-2313\jars\wagon-provider-api-3.5.3.jar
2024-06-24 11:37:39,615 [Worker-18: Launching Executing test in C__Users_agnes_Downloads_map_agnes_website-testing] INFO  o.eclipse.m2e.core.internal.Bundles - getClasspathEntries(Bundle=com.google.guava_33.2.0.jre [10])
2024-06-24 11:37:39,616 [Worker-18: Launching Executing test in C__Users_agnes_Downloads_map_agnes_website-testing] INFO  o.eclipse.m2e.core.internal.Bundles - 	Entry: C:\Users\agnes\.p2\pool\plugins\com.google.guava_33.2.0.jre.jar
2024-06-24 11:37:39,616 [Worker-18: Launching Executing test in C__Users_agnes_Downloads_map_agnes_website-testing] INFO  o.eclipse.m2e.core.internal.Bundles - getClasspathEntries(Bundle=slf4j.api_2.0.13 [520])
2024-06-24 11:37:39,616 [Worker-18: Launching Executing test in C__Users_agnes_Downloads_map_agnes_website-testing] INFO  o.eclipse.m2e.core.internal.Bundles - 	Entry: C:\Users\agnes\.p2\pool\plugins\slf4j.api_2.0.13.jar
2024-06-24 11:37:39,616 [Worker-18: Launching Executing test in C__Users_agnes_Downloads_map_agnes_website-testing] INFO  o.eclipse.m2e.core.internal.Bundles - getClasspathEntries(Bundle=jakarta.inject.jakarta.inject-api_1.0.5 [21])
2024-06-24 11:37:39,616 [Worker-18: Launching Executing test in C__Users_agnes_Downloads_map_agnes_website-testing] INFO  o.eclipse.m2e.core.internal.Bundles - 	Entry: C:\Users\agnes\.p2\pool\plugins\jakarta.inject.jakarta.inject-api_1.0.5.jar
2024-06-24 11:37:39,616 [Worker-18: Launching Executing test in C__Users_agnes_Downloads_map_agnes_website-testing] INFO  o.eclipse.m2e.core.internal.Bundles - getClasspathEntries(Bundle=javax.annotation_1.3.5.v20200909-1856 [24])
2024-06-24 11:37:39,617 [Worker-18: Launching Executing test in C__Users_agnes_Downloads_map_agnes_website-testing] INFO  o.eclipse.m2e.core.internal.Bundles - 	Entry: C:\Users\agnes\.p2\pool\plugins\javax.annotation_1.3.5.v20200909-1856.jar
2024-06-24 11:37:39,617 [Worker-18: Launching Executing test in C__Users_agnes_Downloads_map_agnes_website-testing] INFO  o.eclipse.m2e.core.internal.Bundles - getClasspathEntries(Bundle=org.apache.commons.cli_1.8.0 [47])
2024-06-24 11:37:39,617 [Worker-18: Launching Executing test in C__Users_agnes_Downloads_map_agnes_website-testing] INFO  o.eclipse.m2e.core.internal.Bundles - 	Entry: C:\Users\agnes\.p2\pool\plugins\org.apache.commons.cli_1.8.0.jar
2024-06-24 11:37:39,617 [Worker-18: Launching Executing test in C__Users_agnes_Downloads_map_agnes_website-testing] INFO  o.eclipse.m2e.core.internal.Bundles - getClasspathEntries(Bundle=org.apache.commons.commons-codec_1.16.0 [48])
2024-06-24 11:37:39,617 [Worker-18: Launching Executing test in C__Users_agnes_Downloads_map_agnes_website-testing] INFO  o.eclipse.m2e.core.internal.Bundles - 	Entry: C:\Users\agnes\.p2\pool\plugins\org.apache.commons.commons-codec_1.16.0.jar
2024-06-24 11:37:39,617 [Worker-18: Launching Executing test in C__Users_agnes_Downloads_map_agnes_website-testing] INFO  o.eclipse.m2e.core.internal.Bundles - getClasspathEntries(Bundle=org.apache.commons.lang3_3.14.0 [54])
2024-06-24 11:37:39,618 [Worker-18: Launching Executing test in C__Users_agnes_Downloads_map_agnes_website-testing] INFO  o.eclipse.m2e.core.internal.Bundles - 	Entry: C:\Users\agnes\.p2\pool\plugins\org.apache.commons.lang3_3.14.0.jar
2024-06-24 11:37:39,618 [Worker-18: Launching Executing test in C__Users_agnes_Downloads_map_agnes_website-testing] INFO  o.eclipse.m2e.core.internal.Bundles - getClasspathEntries(Bundle=com.google.guava.failureaccess_1.0.2 [11])
2024-06-24 11:37:39,618 [Worker-18: Launching Executing test in C__Users_agnes_Downloads_map_agnes_website-testing] INFO  o.eclipse.m2e.core.internal.Bundles - 	Entry: C:\Users\agnes\.p2\pool\plugins\com.google.guava.failureaccess_1.0.2.jar
2024-06-24 11:37:39,620 [Worker-18: Launching Executing test in C__Users_agnes_Downloads_map_agnes_website-testing] INFO  o.e.m.i.launch.MavenLaunchDelegate - Run build in "C:\Users\agnes\Downloads\map\agnes\website-testing":
2024-06-24 11:37:39,621 [Worker-18: Launching Executing test in C__Users_agnes_Downloads_map_agnes_website-testing] INFO  o.e.m.i.launch.MavenLaunchDelegate -  mvn  -B -Dstyle.color=always test
2024-06-24 11:51:53,674 [Worker-36: Launching LoginTest] INFO  o.a.m.s.f.DefaultMavenResourcesFiltering - skip non existing resourceDirectory C:\Users\agnes\Downloads\map\agnes\website-testing\src\main\resources
2024-06-24 11:51:53,677 [Worker-36: Launching LoginTest] INFO  o.a.m.s.f.DefaultMavenResourcesFiltering - Copying 4 resources from src\test\resources to target\test-classes
2024-06-24 11:53:50,803 [Worker-37: Launching Executing test in C__Users_agnes_Downloads_map_agnes_website-testing] INFO  o.eclipse.m2e.core.internal.Bundles - getClasspathEntries(Bundle=org.eclipse.m2e.maven.runtime_3.9.700.20240602-2313 [299])
2024-06-24 11:53:50,803 [Worker-37: Launching Executing test in C__Users_agnes_Downloads_map_agnes_website-testing] INFO  o.eclipse.m2e.core.internal.Bundles - 	Entry: C:\Users\agnes\.p2\pool\plugins\org.eclipse.m2e.maven.runtime_3.9.700.20240602-2313
2024-06-24 11:53:50,803 [Worker-37: Launching Executing test in C__Users_agnes_Downloads_map_agnes_website-testing] INFO  o.eclipse.m2e.core.internal.Bundles - 	Entry: C:\Users\agnes\.p2\pool\plugins\org.eclipse.m2e.maven.runtime_3.9.700.20240602-2313\jars\aopalliance-1.0.jar
2024-06-24 11:53:50,804 [Worker-37: Launching Executing test in C__Users_agnes_Downloads_map_agnes_website-testing] INFO  o.eclipse.m2e.core.internal.Bundles - 	Entry: C:\Users\agnes\.p2\pool\plugins\org.eclipse.m2e.maven.runtime_3.9.700.20240602-2313\jars\guice-5.1.0.jar
2024-06-24 11:53:50,804 [Worker-37: Launching Executing test in C__Users_agnes_Downloads_map_agnes_website-testing] INFO  o.eclipse.m2e.core.internal.Bundles - 	Entry: C:\Users\agnes\.p2\pool\plugins\org.eclipse.m2e.maven.runtime_3.9.700.20240602-2313\jars\httpclient-4.5.14.jar
2024-06-24 11:53:50,804 [Worker-37: Launching Executing test in C__Users_agnes_Downloads_map_agnes_website-testing] INFO  o.eclipse.m2e.core.internal.Bundles - 	Entry: C:\Users\agnes\.p2\pool\plugins\org.eclipse.m2e.maven.runtime_3.9.700.20240602-2313\jars\httpcore-4.4.16.jar
2024-06-24 11:53:50,804 [Worker-37: Launching Executing test in C__Users_agnes_Downloads_map_agnes_website-testing] INFO  o.eclipse.m2e.core.internal.Bundles - 	Entry: C:\Users\agnes\.p2\pool\plugins\org.eclipse.m2e.maven.runtime_3.9.700.20240602-2313\jars\jansi-2.4.1.jar
2024-06-24 11:53:50,804 [Worker-37: Launching Executing test in C__Users_agnes_Downloads_map_agnes_website-testing] INFO  o.eclipse.m2e.core.internal.Bundles - 	Entry: C:\Users\agnes\.p2\pool\plugins\org.eclipse.m2e.maven.runtime_3.9.700.20240602-2313\jars\jcl-over-slf4j-1.7.36.jar
2024-06-24 11:53:50,804 [Worker-37: Launching Executing test in C__Users_agnes_Downloads_map_agnes_website-testing] INFO  o.eclipse.m2e.core.internal.Bundles - 	Entry: C:\Users\agnes\.p2\pool\plugins\org.eclipse.m2e.maven.runtime_3.9.700.20240602-2313\jars\maven-artifact-3.9.7.jar
2024-06-24 11:53:50,804 [Worker-37: Launching Executing test in C__Users_agnes_Downloads_map_agnes_website-testing] INFO  o.eclipse.m2e.core.internal.Bundles - 	Entry: C:\Users\agnes\.p2\pool\plugins\org.eclipse.m2e.maven.runtime_3.9.700.20240602-2313\jars\maven-builder-support-3.9.7.jar
2024-06-24 11:53:50,805 [Worker-37: Launching Executing test in C__Users_agnes_Downloads_map_agnes_website-testing] INFO  o.eclipse.m2e.core.internal.Bundles - 	Entry: C:\Users\agnes\.p2\pool\plugins\org.eclipse.m2e.maven.runtime_3.9.700.20240602-2313\jars\maven-compat-3.9.7.jar
2024-06-24 11:53:50,805 [Worker-37: Launching Executing test in C__Users_agnes_Downloads_map_agnes_website-testing] INFO  o.eclipse.m2e.core.internal.Bundles - 	Entry: C:\Users\agnes\.p2\pool\plugins\org.eclipse.m2e.maven.runtime_3.9.700.20240602-2313\jars\maven-core-3.9.7.jar
2024-06-24 11:53:50,805 [Worker-37: Launching Executing test in C__Users_agnes_Downloads_map_agnes_website-testing] INFO  o.eclipse.m2e.core.internal.Bundles - 	Entry: C:\Users\agnes\.p2\pool\plugins\org.eclipse.m2e.maven.runtime_3.9.700.20240602-2313\jars\maven-embedder-3.9.7.jar
2024-06-24 11:53:50,805 [Worker-37: Launching Executing test in C__Users_agnes_Downloads_map_agnes_website-testing] INFO  o.eclipse.m2e.core.internal.Bundles - 	Entry: C:\Users\agnes\.p2\pool\plugins\org.eclipse.m2e.maven.runtime_3.9.700.20240602-2313\jars\maven-model-3.9.7.jar
2024-06-24 11:53:50,805 [Worker-37: Launching Executing test in C__Users_agnes_Downloads_map_agnes_website-testing] INFO  o.eclipse.m2e.core.internal.Bundles - 	Entry: C:\Users\agnes\.p2\pool\plugins\org.eclipse.m2e.maven.runtime_3.9.700.20240602-2313\jars\maven-model-builder-3.9.7.jar
2024-06-24 11:53:50,805 [Worker-37: Launching Executing test in C__Users_agnes_Downloads_map_agnes_website-testing] INFO  o.eclipse.m2e.core.internal.Bundles - 	Entry: C:\Users\agnes\.p2\pool\plugins\org.eclipse.m2e.maven.runtime_3.9.700.20240602-2313\jars\maven-plugin-api-3.9.7.jar
2024-06-24 11:53:50,805 [Worker-37: Launching Executing test in C__Users_agnes_Downloads_map_agnes_website-testing] INFO  o.eclipse.m2e.core.internal.Bundles - 	Entry: C:\Users\agnes\.p2\pool\plugins\org.eclipse.m2e.maven.runtime_3.9.700.20240602-2313\jars\maven-repository-metadata-3.9.7.jar
2024-06-24 11:53:50,806 [Worker-37: Launching Executing test in C__Users_agnes_Downloads_map_agnes_website-testing] INFO  o.eclipse.m2e.core.internal.Bundles - 	Entry: C:\Users\agnes\.p2\pool\plugins\org.eclipse.m2e.maven.runtime_3.9.700.20240602-2313\jars\maven-resolver-api-1.9.20.jar
2024-06-24 11:53:50,806 [Worker-37: Launching Executing test in C__Users_agnes_Downloads_map_agnes_website-testing] INFO  o.eclipse.m2e.core.internal.Bundles - 	Entry: C:\Users\agnes\.p2\pool\plugins\org.eclipse.m2e.maven.runtime_3.9.700.20240602-2313\jars\maven-resolver-connector-basic-1.9.20.jar
2024-06-24 11:53:50,806 [Worker-37: Launching Executing test in C__Users_agnes_Downloads_map_agnes_website-testing] INFO  o.eclipse.m2e.core.internal.Bundles - 	Entry: C:\Users\agnes\.p2\pool\plugins\org.eclipse.m2e.maven.runtime_3.9.700.20240602-2313\jars\maven-resolver-impl-1.9.20.jar
2024-06-24 11:53:50,806 [Worker-37: Launching Executing test in C__Users_agnes_Downloads_map_agnes_website-testing] INFO  o.eclipse.m2e.core.internal.Bundles - 	Entry: C:\Users\agnes\.p2\pool\plugins\org.eclipse.m2e.maven.runtime_3.9.700.20240602-2313\jars\maven-resolver-named-locks-1.9.20.jar
2024-06-24 11:53:50,806 [Worker-37: Launching Executing test in C__Users_agnes_Downloads_map_agnes_website-testing] INFO  o.eclipse.m2e.core.internal.Bundles - 	Entry: C:\Users\agnes\.p2\pool\plugins\org.eclipse.m2e.maven.runtime_3.9.700.20240602-2313\jars\maven-resolver-provider-3.9.7.jar
2024-06-24 11:53:50,806 [Worker-37: Launching Executing test in C__Users_agnes_Downloads_map_agnes_website-testing] INFO  o.eclipse.m2e.core.internal.Bundles - 	Entry: C:\Users\agnes\.p2\pool\plugins\org.eclipse.m2e.maven.runtime_3.9.700.20240602-2313\jars\maven-resolver-spi-1.9.20.jar
2024-06-24 11:53:50,806 [Worker-37: Launching Executing test in C__Users_agnes_Downloads_map_agnes_website-testing] INFO  o.eclipse.m2e.core.internal.Bundles - 	Entry: C:\Users\agnes\.p2\pool\plugins\org.eclipse.m2e.maven.runtime_3.9.700.20240602-2313\jars\maven-resolver-transport-file-1.9.20.jar
2024-06-24 11:53:50,807 [Worker-37: Launching Executing test in C__Users_agnes_Downloads_map_agnes_website-testing] INFO  o.eclipse.m2e.core.internal.Bundles - 	Entry: C:\Users\agnes\.p2\pool\plugins\org.eclipse.m2e.maven.runtime_3.9.700.20240602-2313\jars\maven-resolver-transport-http-1.9.20.jar
2024-06-24 11:53:50,807 [Worker-37: Launching Executing test in C__Users_agnes_Downloads_map_agnes_website-testing] INFO  o.eclipse.m2e.core.internal.Bundles - 	Entry: C:\Users\agnes\.p2\pool\plugins\org.eclipse.m2e.maven.runtime_3.9.700.20240602-2313\jars\maven-resolver-transport-wagon-1.9.20.jar
2024-06-24 11:53:50,807 [Worker-37: Launching Executing test in C__Users_agnes_Downloads_map_agnes_website-testing] INFO  o.eclipse.m2e.core.internal.Bundles - 	Entry: C:\Users\agnes\.p2\pool\plugins\org.eclipse.m2e.maven.runtime_3.9.700.20240602-2313\jars\maven-resolver-util-1.9.20.jar
2024-06-24 11:53:50,807 [Worker-37: Launching Executing test in C__Users_agnes_Downloads_map_agnes_website-testing] INFO  o.eclipse.m2e.core.internal.Bundles - 	Entry: C:\Users\agnes\.p2\pool\plugins\org.eclipse.m2e.maven.runtime_3.9.700.20240602-2313\jars\maven-settings-3.9.7.jar
2024-06-24 11:53:50,807 [Worker-37: Launching Executing test in C__Users_agnes_Downloads_map_agnes_website-testing] INFO  o.eclipse.m2e.core.internal.Bundles - 	Entry: C:\Users\agnes\.p2\pool\plugins\org.eclipse.m2e.maven.runtime_3.9.700.20240602-2313\jars\maven-settings-builder-3.9.7.jar
2024-06-24 11:53:50,807 [Worker-37: Launching Executing test in C__Users_agnes_Downloads_map_agnes_website-testing] INFO  o.eclipse.m2e.core.internal.Bundles - 	Entry: C:\Users\agnes\.p2\pool\plugins\org.eclipse.m2e.maven.runtime_3.9.700.20240602-2313\jars\maven-shared-utils-3.4.2.jar
2024-06-24 11:53:50,808 [Worker-37: Launching Executing test in C__Users_agnes_Downloads_map_agnes_website-testing] INFO  o.eclipse.m2e.core.internal.Bundles - 	Entry: C:\Users\agnes\.p2\pool\plugins\org.eclipse.m2e.maven.runtime_3.9.700.20240602-2313\jars\org.eclipse.sisu.inject-0.9.0.M2.jar
2024-06-24 11:53:50,808 [Worker-37: Launching Executing test in C__Users_agnes_Downloads_map_agnes_website-testing] INFO  o.eclipse.m2e.core.internal.Bundles - 	Entry: C:\Users\agnes\.p2\pool\plugins\org.eclipse.m2e.maven.runtime_3.9.700.20240602-2313\jars\org.eclipse.sisu.plexus-0.9.0.M2.jar
2024-06-24 11:53:50,808 [Worker-37: Launching Executing test in C__Users_agnes_Downloads_map_agnes_website-testing] INFO  o.eclipse.m2e.core.internal.Bundles - 	Entry: C:\Users\agnes\.p2\pool\plugins\org.eclipse.m2e.maven.runtime_3.9.700.20240602-2313\jars\plexus-build-api-0.0.7.jar
2024-06-24 11:53:50,808 [Worker-37: Launching Executing test in C__Users_agnes_Downloads_map_agnes_website-testing] INFO  o.eclipse.m2e.core.internal.Bundles - 	Entry: C:\Users\agnes\.p2\pool\plugins\org.eclipse.m2e.maven.runtime_3.9.700.20240602-2313\jars\plexus-build-api-1.2.0.jar
2024-06-24 11:53:50,808 [Worker-37: Launching Executing test in C__Users_agnes_Downloads_map_agnes_website-testing] INFO  o.eclipse.m2e.core.internal.Bundles - 	Entry: C:\Users\agnes\.p2\pool\plugins\org.eclipse.m2e.maven.runtime_3.9.700.20240602-2313\jars\plexus-cipher-2.0.jar
2024-06-24 11:53:50,808 [Worker-37: Launching Executing test in C__Users_agnes_Downloads_map_agnes_website-testing] INFO  o.eclipse.m2e.core.internal.Bundles - 	Entry: C:\Users\agnes\.p2\pool\plugins\org.eclipse.m2e.maven.runtime_3.9.700.20240602-2313\jars\plexus-classworlds-2.8.0.jar
2024-06-24 11:53:50,808 [Worker-37: Launching Executing test in C__Users_agnes_Downloads_map_agnes_website-testing] INFO  o.eclipse.m2e.core.internal.Bundles - 	Entry: C:\Users\agnes\.p2\pool\plugins\org.eclipse.m2e.maven.runtime_3.9.700.20240602-2313\jars\plexus-component-annotations-2.1.0.jar
2024-06-24 11:53:50,809 [Worker-37: Launching Executing test in C__Users_agnes_Downloads_map_agnes_website-testing] INFO  o.eclipse.m2e.core.internal.Bundles - 	Entry: C:\Users\agnes\.p2\pool\plugins\org.eclipse.m2e.maven.runtime_3.9.700.20240602-2313\jars\plexus-interpolation-1.27.jar
2024-06-24 11:53:50,809 [Worker-37: Launching Executing test in C__Users_agnes_Downloads_map_agnes_website-testing] INFO  o.eclipse.m2e.core.internal.Bundles - 	Entry: C:\Users\agnes\.p2\pool\plugins\org.eclipse.m2e.maven.runtime_3.9.700.20240602-2313\jars\plexus-sec-dispatcher-2.0.jar
2024-06-24 11:53:50,809 [Worker-37: Launching Executing test in C__Users_agnes_Downloads_map_agnes_website-testing] INFO  o.eclipse.m2e.core.internal.Bundles - 	Entry: C:\Users\agnes\.p2\pool\plugins\org.eclipse.m2e.maven.runtime_3.9.700.20240602-2313\jars\plexus-utils-3.5.1.jar
2024-06-24 11:53:50,809 [Worker-37: Launching Executing test in C__Users_agnes_Downloads_map_agnes_website-testing] INFO  o.eclipse.m2e.core.internal.Bundles - 	Entry: C:\Users\agnes\.p2\pool\plugins\org.eclipse.m2e.maven.runtime_3.9.700.20240602-2313\jars\wagon-file-3.5.3.jar
2024-06-24 11:53:50,809 [Worker-37: Launching Executing test in C__Users_agnes_Downloads_map_agnes_website-testing] INFO  o.eclipse.m2e.core.internal.Bundles - 	Entry: C:\Users\agnes\.p2\pool\plugins\org.eclipse.m2e.maven.runtime_3.9.700.20240602-2313\jars\wagon-http-3.5.3.jar
2024-06-24 11:53:50,809 [Worker-37: Launching Executing test in C__Users_agnes_Downloads_map_agnes_website-testing] INFO  o.eclipse.m2e.core.internal.Bundles - 	Entry: C:\Users\agnes\.p2\pool\plugins\org.eclipse.m2e.maven.runtime_3.9.700.20240602-2313\jars\wagon-http-shared-3.5.3.jar
2024-06-24 11:53:50,809 [Worker-37: Launching Executing test in C__Users_agnes_Downloads_map_agnes_website-testing] INFO  o.eclipse.m2e.core.internal.Bundles - 	Entry: C:\Users\agnes\.p2\pool\plugins\org.eclipse.m2e.maven.runtime_3.9.700.20240602-2313\jars\wagon-provider-api-3.5.3.jar
2024-06-24 11:53:50,810 [Worker-37: Launching Executing test in C__Users_agnes_Downloads_map_agnes_website-testing] INFO  o.eclipse.m2e.core.internal.Bundles - getClasspathEntries(Bundle=com.google.guava_33.2.0.jre [10])
2024-06-24 11:53:50,810 [Worker-37: Launching Executing test in C__Users_agnes_Downloads_map_agnes_website-testing] INFO  o.eclipse.m2e.core.internal.Bundles - 	Entry: C:\Users\agnes\.p2\pool\plugins\com.google.guava_33.2.0.jre.jar
2024-06-24 11:53:50,810 [Worker-37: Launching Executing test in C__Users_agnes_Downloads_map_agnes_website-testing] INFO  o.eclipse.m2e.core.internal.Bundles - getClasspathEntries(Bundle=slf4j.api_2.0.13 [520])
2024-06-24 11:53:50,810 [Worker-37: Launching Executing test in C__Users_agnes_Downloads_map_agnes_website-testing] INFO  o.eclipse.m2e.core.internal.Bundles - 	Entry: C:\Users\agnes\.p2\pool\plugins\slf4j.api_2.0.13.jar
2024-06-24 11:53:50,810 [Worker-37: Launching Executing test in C__Users_agnes_Downloads_map_agnes_website-testing] INFO  o.eclipse.m2e.core.internal.Bundles - getClasspathEntries(Bundle=jakarta.inject.jakarta.inject-api_1.0.5 [21])
2024-06-24 11:53:50,811 [Worker-37: Launching Executing test in C__Users_agnes_Downloads_map_agnes_website-testing] INFO  o.eclipse.m2e.core.internal.Bundles - 	Entry: C:\Users\agnes\.p2\pool\plugins\jakarta.inject.jakarta.inject-api_1.0.5.jar
2024-06-24 11:53:50,811 [Worker-37: Launching Executing test in C__Users_agnes_Downloads_map_agnes_website-testing] INFO  o.eclipse.m2e.core.internal.Bundles - getClasspathEntries(Bundle=javax.annotation_1.3.5.v20200909-1856 [24])
2024-06-24 11:53:50,811 [Worker-37: Launching Executing test in C__Users_agnes_Downloads_map_agnes_website-testing] INFO  o.eclipse.m2e.core.internal.Bundles - 	Entry: C:\Users\agnes\.p2\pool\plugins\javax.annotation_1.3.5.v20200909-1856.jar
2024-06-24 11:53:50,811 [Worker-37: Launching Executing test in C__Users_agnes_Downloads_map_agnes_website-testing] INFO  o.eclipse.m2e.core.internal.Bundles - getClasspathEntries(Bundle=org.apache.commons.cli_1.8.0 [47])
2024-06-24 11:53:50,812 [Worker-37: Launching Executing test in C__Users_agnes_Downloads_map_agnes_website-testing] INFO  o.eclipse.m2e.core.internal.Bundles - 	Entry: C:\Users\agnes\.p2\pool\plugins\org.apache.commons.cli_1.8.0.jar
2024-06-24 11:53:50,812 [Worker-37: Launching Executing test in C__Users_agnes_Downloads_map_agnes_website-testing] INFO  o.eclipse.m2e.core.internal.Bundles - getClasspathEntries(Bundle=org.apache.commons.commons-codec_1.16.0 [48])
2024-06-24 11:53:50,812 [Worker-37: Launching Executing test in C__Users_agnes_Downloads_map_agnes_website-testing] INFO  o.eclipse.m2e.core.internal.Bundles - 	Entry: C:\Users\agnes\.p2\pool\plugins\org.apache.commons.commons-codec_1.16.0.jar
2024-06-24 11:53:50,812 [Worker-37: Launching Executing test in C__Users_agnes_Downloads_map_agnes_website-testing] INFO  o.eclipse.m2e.core.internal.Bundles - getClasspathEntries(Bundle=org.apache.commons.lang3_3.14.0 [54])
2024-06-24 11:53:50,812 [Worker-37: Launching Executing test in C__Users_agnes_Downloads_map_agnes_website-testing] INFO  o.eclipse.m2e.core.internal.Bundles - 	Entry: C:\Users\agnes\.p2\pool\plugins\org.apache.commons.lang3_3.14.0.jar
2024-06-24 11:53:50,812 [Worker-37: Launching Executing test in C__Users_agnes_Downloads_map_agnes_website-testing] INFO  o.eclipse.m2e.core.internal.Bundles - getClasspathEntries(Bundle=com.google.guava.failureaccess_1.0.2 [11])
2024-06-24 11:53:50,812 [Worker-37: Launching Executing test in C__Users_agnes_Downloads_map_agnes_website-testing] INFO  o.eclipse.m2e.core.internal.Bundles - 	Entry: C:\Users\agnes\.p2\pool\plugins\com.google.guava.failureaccess_1.0.2.jar
2024-06-24 11:53:50,813 [Worker-37: Launching Executing test in C__Users_agnes_Downloads_map_agnes_website-testing] INFO  o.e.m.i.launch.MavenLaunchDelegate - Run build in "C:\Users\agnes\Downloads\map\agnes\website-testing":
2024-06-24 11:53:50,814 [Worker-37: Launching Executing test in C__Users_agnes_Downloads_map_agnes_website-testing] INFO  o.e.m.i.launch.MavenLaunchDelegate -  mvn  -B -Dstyle.color=always test
2024-06-24 12:09:04,708 [Worker-42: Launching ShoppingCartTest] INFO  o.a.m.s.f.DefaultMavenResourcesFiltering - skip non existing resourceDirectory C:\Users\agnes\Downloads\map\agnes\website-testing\src\main\resources
2024-06-24 12:09:04,711 [Worker-42: Launching ShoppingCartTest] INFO  o.a.m.s.f.DefaultMavenResourcesFiltering - Copying 4 resources from src\test\resources to target\test-classes
2024-06-24 13:13:18,862 [Worker-43: Launching SearchTest] INFO  o.a.m.s.f.DefaultMavenResourcesFiltering - skip non existing resourceDirectory C:\Users\agnes\Downloads\map\agnes\website-testing\src\main\resources
2024-06-24 13:13:18,864 [Worker-43: Launching SearchTest] INFO  o.a.m.s.f.DefaultMavenResourcesFiltering - Copying 4 resources from src\test\resources to target\test-classes
2024-06-24 13:14:02,534 [Worker-45: Launching LoginTest] INFO  o.a.m.s.f.DefaultMavenResourcesFiltering - skip non existing resourceDirectory C:\Users\agnes\Downloads\map\agnes\website-testing\src\main\resources
2024-06-24 13:14:02,536 [Worker-45: Launching LoginTest] INFO  o.a.m.s.f.DefaultMavenResourcesFiltering - Copying 4 resources from src\test\resources to target\test-classes
2024-06-25 13:11:26,339 [Worker-1: Loading available Gradle versions] INFO  o.e.b.c.i.u.g.PublishedGradleVersions - Gradle version information cache is out-of-date. Trying to update.
2024-06-25 14:41:37,580 [Worker-15: Launching LoginTest] INFO  o.a.m.s.f.DefaultMavenResourcesFiltering - skip non existing resourceDirectory C:\Users\agnes\Downloads\map\agnes\website-testing\src\main\resources
2024-06-25 14:41:37,587 [Worker-15: Launching LoginTest] INFO  o.a.m.s.f.DefaultMavenResourcesFiltering - Copying 4 resources from src\test\resources to target\test-classes
2024-06-25 14:42:47,528 [Worker-32: Launching LoginTest] INFO  o.a.m.s.f.DefaultMavenResourcesFiltering - skip non existing resourceDirectory C:\Users\agnes\Downloads\map\agnes\website-testing\src\main\resources
2024-06-25 14:42:47,531 [Worker-32: Launching LoginTest] INFO  o.a.m.s.f.DefaultMavenResourcesFiltering - Copying 4 resources from src\test\resources to target\test-classes
2024-06-25 14:44:20,687 [Worker-32: Launching Executing test in C__Users_agnes_Downloads_map_agnes_website-testing] INFO  o.eclipse.m2e.core.internal.Bundles - getClasspathEntries(Bundle=org.eclipse.m2e.maven.runtime_3.9.700.20240602-2313 [299])
2024-06-25 14:44:20,688 [Worker-32: Launching Executing test in C__Users_agnes_Downloads_map_agnes_website-testing] INFO  o.eclipse.m2e.core.internal.Bundles - 	Entry: C:\Users\agnes\.p2\pool\plugins\org.eclipse.m2e.maven.runtime_3.9.700.20240602-2313
2024-06-25 14:44:20,689 [Worker-32: Launching Executing test in C__Users_agnes_Downloads_map_agnes_website-testing] INFO  o.eclipse.m2e.core.internal.Bundles - 	Entry: C:\Users\agnes\.p2\pool\plugins\org.eclipse.m2e.maven.runtime_3.9.700.20240602-2313\jars\aopalliance-1.0.jar
2024-06-25 14:44:20,689 [Worker-32: Launching Executing test in C__Users_agnes_Downloads_map_agnes_website-testing] INFO  o.eclipse.m2e.core.internal.Bundles - 	Entry: C:\Users\agnes\.p2\pool\plugins\org.eclipse.m2e.maven.runtime_3.9.700.20240602-2313\jars\guice-5.1.0.jar
2024-06-25 14:44:20,689 [Worker-32: Launching Executing test in C__Users_agnes_Downloads_map_agnes_website-testing] INFO  o.eclipse.m2e.core.internal.Bundles - 	Entry: C:\Users\agnes\.p2\pool\plugins\org.eclipse.m2e.maven.runtime_3.9.700.20240602-2313\jars\httpclient-4.5.14.jar
2024-06-25 14:44:20,689 [Worker-32: Launching Executing test in C__Users_agnes_Downloads_map_agnes_website-testing] INFO  o.eclipse.m2e.core.internal.Bundles - 	Entry: C:\Users\agnes\.p2\pool\plugins\org.eclipse.m2e.maven.runtime_3.9.700.20240602-2313\jars\httpcore-4.4.16.jar
2024-06-25 14:44:20,689 [Worker-32: Launching Executing test in C__Users_agnes_Downloads_map_agnes_website-testing] INFO  o.eclipse.m2e.core.internal.Bundles - 	Entry: C:\Users\agnes\.p2\pool\plugins\org.eclipse.m2e.maven.runtime_3.9.700.20240602-2313\jars\jansi-2.4.1.jar
2024-06-25 14:44:20,690 [Worker-32: Launching Executing test in C__Users_agnes_Downloads_map_agnes_website-testing] INFO  o.eclipse.m2e.core.internal.Bundles - 	Entry: C:\Users\agnes\.p2\pool\plugins\org.eclipse.m2e.maven.runtime_3.9.700.20240602-2313\jars\jcl-over-slf4j-1.7.36.jar
2024-06-25 14:44:20,690 [Worker-32: Launching Executing test in C__Users_agnes_Downloads_map_agnes_website-testing] INFO  o.eclipse.m2e.core.internal.Bundles - 	Entry: C:\Users\agnes\.p2\pool\plugins\org.eclipse.m2e.maven.runtime_3.9.700.20240602-2313\jars\maven-artifact-3.9.7.jar
2024-06-25 14:44:20,690 [Worker-32: Launching Executing test in C__Users_agnes_Downloads_map_agnes_website-testing] INFO  o.eclipse.m2e.core.internal.Bundles - 	Entry: C:\Users\agnes\.p2\pool\plugins\org.eclipse.m2e.maven.runtime_3.9.700.20240602-2313\jars\maven-builder-support-3.9.7.jar
2024-06-25 14:44:20,690 [Worker-32: Launching Executing test in C__Users_agnes_Downloads_map_agnes_website-testing] INFO  o.eclipse.m2e.core.internal.Bundles - 	Entry: C:\Users\agnes\.p2\pool\plugins\org.eclipse.m2e.maven.runtime_3.9.700.20240602-2313\jars\maven-compat-3.9.7.jar
2024-06-25 14:44:20,690 [Worker-32: Launching Executing test in C__Users_agnes_Downloads_map_agnes_website-testing] INFO  o.eclipse.m2e.core.internal.Bundles - 	Entry: C:\Users\agnes\.p2\pool\plugins\org.eclipse.m2e.maven.runtime_3.9.700.20240602-2313\jars\maven-core-3.9.7.jar
2024-06-25 14:44:20,690 [Worker-32: Launching Executing test in C__Users_agnes_Downloads_map_agnes_website-testing] INFO  o.eclipse.m2e.core.internal.Bundles - 	Entry: C:\Users\agnes\.p2\pool\plugins\org.eclipse.m2e.maven.runtime_3.9.700.20240602-2313\jars\maven-embedder-3.9.7.jar
2024-06-25 14:44:20,691 [Worker-32: Launching Executing test in C__Users_agnes_Downloads_map_agnes_website-testing] INFO  o.eclipse.m2e.core.internal.Bundles - 	Entry: C:\Users\agnes\.p2\pool\plugins\org.eclipse.m2e.maven.runtime_3.9.700.20240602-2313\jars\maven-model-3.9.7.jar
2024-06-25 14:44:20,691 [Worker-32: Launching Executing test in C__Users_agnes_Downloads_map_agnes_website-testing] INFO  o.eclipse.m2e.core.internal.Bundles - 	Entry: C:\Users\agnes\.p2\pool\plugins\org.eclipse.m2e.maven.runtime_3.9.700.20240602-2313\jars\maven-model-builder-3.9.7.jar
2024-06-25 14:44:20,691 [Worker-32: Launching Executing test in C__Users_agnes_Downloads_map_agnes_website-testing] INFO  o.eclipse.m2e.core.internal.Bundles - 	Entry: C:\Users\agnes\.p2\pool\plugins\org.eclipse.m2e.maven.runtime_3.9.700.20240602-2313\jars\maven-plugin-api-3.9.7.jar
2024-06-25 14:44:20,691 [Worker-32: Launching Executing test in C__Users_agnes_Downloads_map_agnes_website-testing] INFO  o.eclipse.m2e.core.internal.Bundles - 	Entry: C:\Users\agnes\.p2\pool\plugins\org.eclipse.m2e.maven.runtime_3.9.700.20240602-2313\jars\maven-repository-metadata-3.9.7.jar
2024-06-25 14:44:20,691 [Worker-32: Launching Executing test in C__Users_agnes_Downloads_map_agnes_website-testing] INFO  o.eclipse.m2e.core.internal.Bundles - 	Entry: C:\Users\agnes\.p2\pool\plugins\org.eclipse.m2e.maven.runtime_3.9.700.20240602-2313\jars\maven-resolver-api-1.9.20.jar
2024-06-25 14:44:20,691 [Worker-32: Launching Executing test in C__Users_agnes_Downloads_map_agnes_website-testing] INFO  o.eclipse.m2e.core.internal.Bundles - 	Entry: C:\Users\agnes\.p2\pool\plugins\org.eclipse.m2e.maven.runtime_3.9.700.20240602-2313\jars\maven-resolver-connector-basic-1.9.20.jar
2024-06-25 14:44:20,691 [Worker-32: Launching Executing test in C__Users_agnes_Downloads_map_agnes_website-testing] INFO  o.eclipse.m2e.core.internal.Bundles - 	Entry: C:\Users\agnes\.p2\pool\plugins\org.eclipse.m2e.maven.runtime_3.9.700.20240602-2313\jars\maven-resolver-impl-1.9.20.jar
2024-06-25 14:44:20,692 [Worker-32: Launching Executing test in C__Users_agnes_Downloads_map_agnes_website-testing] INFO  o.eclipse.m2e.core.internal.Bundles - 	Entry: C:\Users\agnes\.p2\pool\plugins\org.eclipse.m2e.maven.runtime_3.9.700.20240602-2313\jars\maven-resolver-named-locks-1.9.20.jar
2024-06-25 14:44:20,692 [Worker-32: Launching Executing test in C__Users_agnes_Downloads_map_agnes_website-testing] INFO  o.eclipse.m2e.core.internal.Bundles - 	Entry: C:\Users\agnes\.p2\pool\plugins\org.eclipse.m2e.maven.runtime_3.9.700.20240602-2313\jars\maven-resolver-provider-3.9.7.jar
2024-06-25 14:44:20,692 [Worker-32: Launching Executing test in C__Users_agnes_Downloads_map_agnes_website-testing] INFO  o.eclipse.m2e.core.internal.Bundles - 	Entry: C:\Users\agnes\.p2\pool\plugins\org.eclipse.m2e.maven.runtime_3.9.700.20240602-2313\jars\maven-resolver-spi-1.9.20.jar
2024-06-25 14:44:20,692 [Worker-32: Launching Executing test in C__Users_agnes_Downloads_map_agnes_website-testing] INFO  o.eclipse.m2e.core.internal.Bundles - 	Entry: C:\Users\agnes\.p2\pool\plugins\org.eclipse.m2e.maven.runtime_3.9.700.20240602-2313\jars\maven-resolver-transport-file-1.9.20.jar
2024-06-25 14:44:20,692 [Worker-32: Launching Executing test in C__Users_agnes_Downloads_map_agnes_website-testing] INFO  o.eclipse.m2e.core.internal.Bundles - 	Entry: C:\Users\agnes\.p2\pool\plugins\org.eclipse.m2e.maven.runtime_3.9.700.20240602-2313\jars\maven-resolver-transport-http-1.9.20.jar
2024-06-25 14:44:20,692 [Worker-32: Launching Executing test in C__Users_agnes_Downloads_map_agnes_website-testing] INFO  o.eclipse.m2e.core.internal.Bundles - 	Entry: C:\Users\agnes\.p2\pool\plugins\org.eclipse.m2e.maven.runtime_3.9.700.20240602-2313\jars\maven-resolver-transport-wagon-1.9.20.jar
2024-06-25 14:44:20,693 [Worker-32: Launching Executing test in C__Users_agnes_Downloads_map_agnes_website-testing] INFO  o.eclipse.m2e.core.internal.Bundles - 	Entry: C:\Users\agnes\.p2\pool\plugins\org.eclipse.m2e.maven.runtime_3.9.700.20240602-2313\jars\maven-resolver-util-1.9.20.jar
2024-06-25 14:44:20,693 [Worker-32: Launching Executing test in C__Users_agnes_Downloads_map_agnes_website-testing] INFO  o.eclipse.m2e.core.internal.Bundles - 	Entry: C:\Users\agnes\.p2\pool\plugins\org.eclipse.m2e.maven.runtime_3.9.700.20240602-2313\jars\maven-settings-3.9.7.jar
2024-06-25 14:44:20,693 [Worker-32: Launching Executing test in C__Users_agnes_Downloads_map_agnes_website-testing] INFO  o.eclipse.m2e.core.internal.Bundles - 	Entry: C:\Users\agnes\.p2\pool\plugins\org.eclipse.m2e.maven.runtime_3.9.700.20240602-2313\jars\maven-settings-builder-3.9.7.jar
2024-06-25 14:44:20,693 [Worker-32: Launching Executing test in C__Users_agnes_Downloads_map_agnes_website-testing] INFO  o.eclipse.m2e.core.internal.Bundles - 	Entry: C:\Users\agnes\.p2\pool\plugins\org.eclipse.m2e.maven.runtime_3.9.700.20240602-2313\jars\maven-shared-utils-3.4.2.jar
2024-06-25 14:44:20,693 [Worker-32: Launching Executing test in C__Users_agnes_Downloads_map_agnes_website-testing] INFO  o.eclipse.m2e.core.internal.Bundles - 	Entry: C:\Users\agnes\.p2\pool\plugins\org.eclipse.m2e.maven.runtime_3.9.700.20240602-2313\jars\org.eclipse.sisu.inject-0.9.0.M2.jar
2024-06-25 14:44:20,693 [Worker-32: Launching Executing test in C__Users_agnes_Downloads_map_agnes_website-testing] INFO  o.eclipse.m2e.core.internal.Bundles - 	Entry: C:\Users\agnes\.p2\pool\plugins\org.eclipse.m2e.maven.runtime_3.9.700.20240602-2313\jars\org.eclipse.sisu.plexus-0.9.0.M2.jar
2024-06-25 14:44:20,694 [Worker-32: Launching Executing test in C__Users_agnes_Downloads_map_agnes_website-testing] INFO  o.eclipse.m2e.core.internal.Bundles - 	Entry: C:\Users\agnes\.p2\pool\plugins\org.eclipse.m2e.maven.runtime_3.9.700.20240602-2313\jars\plexus-build-api-0.0.7.jar
2024-06-25 14:44:20,694 [Worker-32: Launching Executing test in C__Users_agnes_Downloads_map_agnes_website-testing] INFO  o.eclipse.m2e.core.internal.Bundles - 	Entry: C:\Users\agnes\.p2\pool\plugins\org.eclipse.m2e.maven.runtime_3.9.700.20240602-2313\jars\plexus-build-api-1.2.0.jar
2024-06-25 14:44:20,694 [Worker-32: Launching Executing test in C__Users_agnes_Downloads_map_agnes_website-testing] INFO  o.eclipse.m2e.core.internal.Bundles - 	Entry: C:\Users\agnes\.p2\pool\plugins\org.eclipse.m2e.maven.runtime_3.9.700.20240602-2313\jars\plexus-cipher-2.0.jar
2024-06-25 14:44:20,694 [Worker-32: Launching Executing test in C__Users_agnes_Downloads_map_agnes_website-testing] INFO  o.eclipse.m2e.core.internal.Bundles - 	Entry: C:\Users\agnes\.p2\pool\plugins\org.eclipse.m2e.maven.runtime_3.9.700.20240602-2313\jars\plexus-classworlds-2.8.0.jar
2024-06-25 14:44:20,694 [Worker-32: Launching Executing test in C__Users_agnes_Downloads_map_agnes_website-testing] INFO  o.eclipse.m2e.core.internal.Bundles - 	Entry: C:\Users\agnes\.p2\pool\plugins\org.eclipse.m2e.maven.runtime_3.9.700.20240602-2313\jars\plexus-component-annotations-2.1.0.jar
2024-06-25 14:44:20,694 [Worker-32: Launching Executing test in C__Users_agnes_Downloads_map_agnes_website-testing] INFO  o.eclipse.m2e.core.internal.Bundles - 	Entry: C:\Users\agnes\.p2\pool\plugins\org.eclipse.m2e.maven.runtime_3.9.700.20240602-2313\jars\plexus-interpolation-1.27.jar
2024-06-25 14:44:20,695 [Worker-32: Launching Executing test in C__Users_agnes_Downloads_map_agnes_website-testing] INFO  o.eclipse.m2e.core.internal.Bundles - 	Entry: C:\Users\agnes\.p2\pool\plugins\org.eclipse.m2e.maven.runtime_3.9.700.20240602-2313\jars\plexus-sec-dispatcher-2.0.jar
2024-06-25 14:44:20,695 [Worker-32: Launching Executing test in C__Users_agnes_Downloads_map_agnes_website-testing] INFO  o.eclipse.m2e.core.internal.Bundles - 	Entry: C:\Users\agnes\.p2\pool\plugins\org.eclipse.m2e.maven.runtime_3.9.700.20240602-2313\jars\plexus-utils-3.5.1.jar
2024-06-25 14:44:20,695 [Worker-32: Launching Executing test in C__Users_agnes_Downloads_map_agnes_website-testing] INFO  o.eclipse.m2e.core.internal.Bundles - 	Entry: C:\Users\agnes\.p2\pool\plugins\org.eclipse.m2e.maven.runtime_3.9.700.20240602-2313\jars\wagon-file-3.5.3.jar
2024-06-25 14:44:20,695 [Worker-32: Launching Executing test in C__Users_agnes_Downloads_map_agnes_website-testing] INFO  o.eclipse.m2e.core.internal.Bundles - 	Entry: C:\Users\agnes\.p2\pool\plugins\org.eclipse.m2e.maven.runtime_3.9.700.20240602-2313\jars\wagon-http-3.5.3.jar
2024-06-25 14:44:20,695 [Worker-32: Launching Executing test in C__Users_agnes_Downloads_map_agnes_website-testing] INFO  o.eclipse.m2e.core.internal.Bundles - 	Entry: C:\Users\agnes\.p2\pool\plugins\org.eclipse.m2e.maven.runtime_3.9.700.20240602-2313\jars\wagon-http-shared-3.5.3.jar
2024-06-25 14:44:20,695 [Worker-32: Launching Executing test in C__Users_agnes_Downloads_map_agnes_website-testing] INFO  o.eclipse.m2e.core.internal.Bundles - 	Entry: C:\Users\agnes\.p2\pool\plugins\org.eclipse.m2e.maven.runtime_3.9.700.20240602-2313\jars\wagon-provider-api-3.5.3.jar
2024-06-25 14:44:20,696 [Worker-32: Launching Executing test in C__Users_agnes_Downloads_map_agnes_website-testing] INFO  o.eclipse.m2e.core.internal.Bundles - getClasspathEntries(Bundle=com.google.guava_33.2.0.jre [10])
2024-06-25 14:44:20,697 [Worker-32: Launching Executing test in C__Users_agnes_Downloads_map_agnes_website-testing] INFO  o.eclipse.m2e.core.internal.Bundles - 	Entry: C:\Users\agnes\.p2\pool\plugins\com.google.guava_33.2.0.jre.jar
2024-06-25 14:44:20,697 [Worker-32: Launching Executing test in C__Users_agnes_Downloads_map_agnes_website-testing] INFO  o.eclipse.m2e.core.internal.Bundles - getClasspathEntries(Bundle=slf4j.api_2.0.13 [520])
2024-06-25 14:44:20,697 [Worker-32: Launching Executing test in C__Users_agnes_Downloads_map_agnes_website-testing] INFO  o.eclipse.m2e.core.internal.Bundles - 	Entry: C:\Users\agnes\.p2\pool\plugins\slf4j.api_2.0.13.jar
2024-06-25 14:44:20,697 [Worker-32: Launching Executing test in C__Users_agnes_Downloads_map_agnes_website-testing] INFO  o.eclipse.m2e.core.internal.Bundles - getClasspathEntries(Bundle=jakarta.inject.jakarta.inject-api_1.0.5 [21])
2024-06-25 14:44:20,697 [Worker-32: Launching Executing test in C__Users_agnes_Downloads_map_agnes_website-testing] INFO  o.eclipse.m2e.core.internal.Bundles - 	Entry: C:\Users\agnes\.p2\pool\plugins\jakarta.inject.jakarta.inject-api_1.0.5.jar
2024-06-25 14:44:20,697 [Worker-32: Launching Executing test in C__Users_agnes_Downloads_map_agnes_website-testing] INFO  o.eclipse.m2e.core.internal.Bundles - getClasspathEntries(Bundle=javax.annotation_1.3.5.v20200909-1856 [24])
2024-06-25 14:44:20,698 [Worker-32: Launching Executing test in C__Users_agnes_Downloads_map_agnes_website-testing] INFO  o.eclipse.m2e.core.internal.Bundles - 	Entry: C:\Users\agnes\.p2\pool\plugins\javax.annotation_1.3.5.v20200909-1856.jar
2024-06-25 14:44:20,698 [Worker-32: Launching Executing test in C__Users_agnes_Downloads_map_agnes_website-testing] INFO  o.eclipse.m2e.core.internal.Bundles - getClasspathEntries(Bundle=org.apache.commons.cli_1.8.0 [47])
2024-06-25 14:44:20,698 [Worker-32: Launching Executing test in C__Users_agnes_Downloads_map_agnes_website-testing] INFO  o.eclipse.m2e.core.internal.Bundles - 	Entry: C:\Users\agnes\.p2\pool\plugins\org.apache.commons.cli_1.8.0.jar
2024-06-25 14:44:20,698 [Worker-32: Launching Executing test in C__Users_agnes_Downloads_map_agnes_website-testing] INFO  o.eclipse.m2e.core.internal.Bundles - getClasspathEntries(Bundle=org.apache.commons.commons-codec_1.16.0 [48])
2024-06-25 14:44:20,698 [Worker-32: Launching Executing test in C__Users_agnes_Downloads_map_agnes_website-testing] INFO  o.eclipse.m2e.core.internal.Bundles - 	Entry: C:\Users\agnes\.p2\pool\plugins\org.apache.commons.commons-codec_1.16.0.jar
2024-06-25 14:44:20,698 [Worker-32: Launching Executing test in C__Users_agnes_Downloads_map_agnes_website-testing] INFO  o.eclipse.m2e.core.internal.Bundles - getClasspathEntries(Bundle=org.apache.commons.lang3_3.14.0 [54])
2024-06-25 14:44:20,699 [Worker-32: Launching Executing test in C__Users_agnes_Downloads_map_agnes_website-testing] INFO  o.eclipse.m2e.core.internal.Bundles - 	Entry: C:\Users\agnes\.p2\pool\plugins\org.apache.commons.lang3_3.14.0.jar
2024-06-25 14:44:20,699 [Worker-32: Launching Executing test in C__Users_agnes_Downloads_map_agnes_website-testing] INFO  o.eclipse.m2e.core.internal.Bundles - getClasspathEntries(Bundle=com.google.guava.failureaccess_1.0.2 [11])
2024-06-25 14:44:20,699 [Worker-32: Launching Executing test in C__Users_agnes_Downloads_map_agnes_website-testing] INFO  o.eclipse.m2e.core.internal.Bundles - 	Entry: C:\Users\agnes\.p2\pool\plugins\com.google.guava.failureaccess_1.0.2.jar
2024-06-25 14:44:20,702 [Worker-32: Launching Executing test in C__Users_agnes_Downloads_map_agnes_website-testing] INFO  o.e.m.i.launch.MavenLaunchDelegate - Run build in "C:\Users\agnes\Downloads\map\agnes\website-testing":
2024-06-25 14:44:20,702 [Worker-32: Launching Executing test in C__Users_agnes_Downloads_map_agnes_website-testing] INFO  o.e.m.i.launch.MavenLaunchDelegate -  mvn  -B -Dstyle.color=always test
2024-06-25 14:54:22,056 [Worker-35: Launching LoginTest] INFO  o.a.m.s.f.DefaultMavenResourcesFiltering - skip non existing resourceDirectory C:\Users\agnes\Downloads\map\agnes\website-testing\src\main\resources
2024-06-25 14:54:22,059 [Worker-35: Launching LoginTest] INFO  o.a.m.s.f.DefaultMavenResourcesFiltering - Copying 4 resources from src\test\resources to target\test-classes
2024-06-25 14:55:10,553 [Worker-37: Launching LoginTest] INFO  o.a.m.s.f.DefaultMavenResourcesFiltering - skip non existing resourceDirectory C:\Users\agnes\Downloads\map\agnes\website-testing\src\main\resources
2024-06-25 14:55:10,555 [Worker-37: Launching LoginTest] INFO  o.a.m.s.f.DefaultMavenResourcesFiltering - Copying 4 resources from src\test\resources to target\test-classes
2024-06-25 15:10:26,075 [Worker-33: Launching LoginTest] INFO  o.a.m.s.f.DefaultMavenResourcesFiltering - skip non existing resourceDirectory C:\Users\agnes\Downloads\map\agnes\website-testing\src\main\resources
2024-06-25 15:10:26,078 [Worker-33: Launching LoginTest] INFO  o.a.m.s.f.DefaultMavenResourcesFiltering - Copying 4 resources from src\test\resources to target\test-classes
2024-06-25 15:16:11,631 [Worker-40: Launching LoginTest] INFO  o.a.m.s.f.DefaultMavenResourcesFiltering - skip non existing resourceDirectory C:\Users\agnes\Downloads\map\agnes\website-testing\src\main\resources
2024-06-25 15:16:11,634 [Worker-40: Launching LoginTest] INFO  o.a.m.s.f.DefaultMavenResourcesFiltering - Copying 4 resources from src\test\resources to target\test-classes
2024-06-25 15:18:13,245 [Worker-43: Launching LoginTest] INFO  o.a.m.s.f.DefaultMavenResourcesFiltering - skip non existing resourceDirectory C:\Users\agnes\Downloads\map\agnes\website-testing\src\main\resources
2024-06-25 15:18:13,248 [Worker-43: Launching LoginTest] INFO  o.a.m.s.f.DefaultMavenResourcesFiltering - Copying 4 resources from src\test\resources to target\test-classes
2024-06-25 15:18:57,936 [Worker-44: Launching LoginTest] INFO  o.a.m.s.f.DefaultMavenResourcesFiltering - skip non existing resourceDirectory C:\Users\agnes\Downloads\map\agnes\website-testing\src\main\resources
2024-06-25 15:18:57,940 [Worker-44: Launching LoginTest] INFO  o.a.m.s.f.DefaultMavenResourcesFiltering - Copying 4 resources from src\test\resources to target\test-classes
2024-06-25 15:22:46,670 [Worker-40: Launching Rerun testLogout()] INFO  o.a.m.s.f.DefaultMavenResourcesFiltering - skip non existing resourceDirectory C:\Users\agnes\Downloads\map\agnes\website-testing\src\main\resources
2024-06-25 15:22:46,673 [Worker-40: Launching Rerun testLogout()] INFO  o.a.m.s.f.DefaultMavenResourcesFiltering - Copying 4 resources from src\test\resources to target\test-classes
2024-06-25 15:25:00,375 [Worker-40: Rebuild of website-testing] INFO  o.a.m.s.f.DefaultMavenResourcesFiltering - skip non existing resourceDirectory C:\Users\agnes\Downloads\map\agnes\website-testing\src\main\resources
2024-06-25 15:25:00,380 [Worker-40: Rebuild of website-testing] INFO  o.a.m.s.f.DefaultMavenResourcesFiltering - Copying 4 resources from src\test\resources to target\test-classes
